<?xml version="1.0" encoding="UTF-8"?>
<testng-results ignored="0" total="1" passed="1" failed="0" skipped="0">
  <reporter-output>
  </reporter-output>
  <suite started-at="2024-09-21T20:15:17 IST" name="All Test Suite" finished-at="2024-09-21T20:15:32 IST" duration-ms="14465">
    <groups>
    </groups>
    <test started-at="2024-09-21T20:15:17 IST" name="C:/WorldOfRetargetCommon/RetargetCommonRestAPIAutomationFramework/src/test/java/airlines/AirlineTests.java" finished-at="2024-09-21T20:15:32 IST" duration-ms="14465">
      <class name="airlines.AirlinesTests">
        <test-method signature="createAirlines()[pri:0, instance:airlines.AirlinesTests@4d5650ae]" started-at="2024-09-21T20:15:18 IST" name="createAirlines" finished-at="2024-09-21T20:15:32 IST" duration-ms="14141" status="PASS">
          <reporter-output>
          </reporter-output>
        </test-method> <!-- createAirlines -->
      </class> <!-- airlines.AirlinesTests -->
    </test> <!-- C:/WorldOfRetargetCommon/RetargetCommonRestAPIAutomationFramework/src/test/java/airlines/AirlineTests.java -->
  </suite> <!-- All Test Suite -->
</testng-results>
